Datetime            Activation ID                    Kind      Start Duration   Status          Entity

2023-07-10 09:07:21 87d58732b2ab4a4c958732b2abfa4cb9 nodejs:10 warm  11ms       success         guest/toonify:0.0.1
2023-07-10 09:07:16 b8a5db9e63304f6ba5db9e63304f6b00 blackbox  cold  4.973s     success         guest/encode-function:0.0.2
2023-07-10 09:07:09 e73772ddcbb74425b772ddcbb7b4252a nodejs:10 warm  8ms        success         guest/toonify:0.0.1
2023-07-10 09:07:03 24286a51cc634d28a86a51cc638d28fe blackbox  cold  6.366s     success         guest/image-bilateral-filter:0.0.2
2023-07-10 09:06:55 c6a9bf400a314e13a9bf400a313e1382 nodejs:10 warm  12ms       success         guest/toonify:0.0.1
2023-07-10 09:06:48 6971c4fe88db45b7b1c4fe88dba5b7d8 blackbox  cold  6.767s     success         guest/decode-function:0.0.2
2023-07-10 09:06:40 2a604a2855074152a04a285507d1524c nodejs:10 cold  340ms      success         guest/toonify:0.0.1
2023-07-10 09:06:39 4d4ddc0b779a40f88ddc0b779ab0f810 sequence  warm  42.063s    success         guest/toonify:0.0.1

2023-07-10 09:15:41 11138ff9894c48d4938ff9894cc8d4dc nodejs:10 warm  7ms        success         guest/toonify:0.0.1
2023-07-10 09:15:36 66b2361aa1dc4c4fb2361aa1dc0c4f40 blackbox  warm  4.261s     success         guest/encode-function:0.0.2
2023-07-10 09:15:36 66055fbc569c4e60855fbc569c2e6047 nodejs:10 warm  7ms        success         guest/toonify:0.0.1
2023-07-10 09:15:29 79ea6cf3b4a84909aa6cf3b4a869093f blackbox  warm  6.566s     success         guest/image-bilateral-filter:0.0.2
2023-07-10 09:15:29 68072402f8d946dd872402f8d9c6ddc7 nodejs:10 warm  8ms        success         guest/toonify:0.0.1
2023-07-10 09:15:23 581c570a3b314daa9c570a3b31adaa9d blackbox  warm  5.579s     success         guest/decode-function:0.0.2
2023-07-10 09:15:23 b2dddd1a638d46ab9ddd1a638d16ab9a nodejs:10 warm  14ms       success         guest/toonify:0.0.1
2023-07-10 09:15:23 278416ec92ea4dfc8416ec92ea5dfca4 sequence  warm  17.199s    success         guest/toonify:0.0.1

2023-07-10 09:29:08 a171a7fb536a4d91b1a7fb536a9d9132 nodejs:10 warm  4ms        success guest/toonify:0.0.1
2023-07-10 09:29:04 c820c1079dea42fea0c1079deac2febf blackbox  warm  4.541s     success guest/encode-function:0.0.2
2023-07-10 09:29:04 af0e6aeae9d34b758e6aeae9d3eb75f6 nodejs:10 warm  4ms        success guest/toonify:0.0.1
2023-07-10 09:28:58 f3456f54c20943c2856f54c20933c24d blackbox  warm  6.267s     success guest/image-bilateral-filter:0.0.2
2023-07-10 09:28:58 b42230657f09460fa230657f09360f70 nodejs:10 warm  6ms        success guest/toonify:0.0.1
2023-07-10 09:28:53 b914b41a39e5448994b41a39e56489c4 blackbox  warm  4.625s     success guest/decode-function:0.0.2
2023-07-10 09:28:53 d73b3fc9e8f249dcbb3fc9e8f209dc15 nodejs:10 cold  116ms      success guest/toonify:0.0.1
2023-07-10 09:28:53 43612625494344caa12625494364ca80 sequence  warm  15.979s    success guest/toonify:0.0.1

2023-07-10 09:43:36 1f7951021e7744f0b951021e7714f045 nodejs:10 warm  6ms        success guest/toonify:0.0.1
2023-07-10 09:43:32 4e065cd4f8e34a07865cd4f8e3da07bc blackbox  warm  4.556s     success guest/encode-function:0.0.2
2023-07-10 09:43:32 88f1f4fea3c14e80b1f4fea3c19e80e6 nodejs:10 warm  7ms        success guest/toonify:0.0.1
2023-07-10 09:43:25 9a68ca50381847fda8ca50381807fdba blackbox  warm  6.537s     success guest/image-bilateral-filter:0.0.2
2023-07-10 09:43:25 1876750d46024e12b6750d46028e12dd nodejs:10 warm  9ms        success guest/toonify:0.0.1
2023-07-10 09:43:20 bf9d6aa2ee3044c29d6aa2ee3054c22b blackbox  warm  5.568s     success guest/decode-function:0.0.2
2023-07-10 09:43:19 ddb6a116b4f54e27b6a116b4f59e27cf nodejs:10 cold  692ms      success guest/toonify:0.0.1
2023-07-10 09:43:18 4199190f449d49a099190f449d79a08c sequence  warm  18.362s    success guest/toonify:0.0.1

2023-07-10 09:44:51 f3a9061cfc7c41a6a9061cfc7c41a6b7 nodejs:10 warm  7ms        success guest/toonify:0.0.1
2023-07-10 09:44:47 76e4a1dd6f124b5aa4a1dd6f12bb5a22 blackbox  warm  4.109s     success guest/encode-function:0.0.2
2023-07-10 09:44:47 59a33ce2902144bda33ce2902174bdcf nodejs:10 warm  13ms       success guest/toonify:0.0.1
2023-07-10 09:44:39 ff0f517c025e41878f517c025ee18797 blackbox  warm  7.202s     success guest/image-bilateral-filter:0.0.2
2023-07-10 09:44:39 7e7e1f7611d04128be1f7611d08128ba nodejs:10 warm  7ms        success guest/toonify:0.0.1
2023-07-10 09:44:34 533fbbdb22dd4084bfbbdb22dd10844e blackbox  warm  5.27s      success guest/decode-function:0.0.2
2023-07-10 09:44:34 f1dbb9197db643b89bb9197db683b853 nodejs:10 warm  12ms       success guest/toonify:0.0.1
2023-07-10 09:44:34 1dd36563edab4bcc936563edabdbccec sequence  warm  16.841s    success guest/toonify:0.0.1

2023-07-10 09:46:20 edd70c7156a9449e970c7156a9649e64 nodejs:10 warm  7ms        success guest/toonify:0.0.1
2023-07-10 09:46:16 f20bffdd54414b538bffdd54413b530c blackbox  warm  4.223s     success guest/encode-function:0.0.2
2023-07-10 09:46:16 69edad4b7a5044a9adad4b7a5064a9cb nodejs:10 warm  7ms        success guest/toonify:0.0.1
2023-07-10 09:46:09 3c9a8c612879421a9a8c612879f21a60 blackbox  warm  6.54s      success guest/image-bilateral-filter:0.0.2
2023-07-10 09:46:09 ba5a0e5650a147c89a0e5650a157c843 nodejs:10 warm  8ms        success guest/toonify:0.0.1
2023-07-10 09:46:03 f35e763999fa48b99e763999fa48b9ee blackbox  warm  6.096s     success guest/decode-function:0.0.2
2023-07-10 09:46:03 de2b1b2a09bf4576ab1b2a09bf45766f nodejs:10 warm  14ms       success guest/toonify:0.0.1
2023-07-10 09:46:03 82a0e1b6e4cc49aaa0e1b6e4cc39aad9 sequence  warm  17.1s      success guest/toonify:0.0.1

2023-07-10 09:50:22 f0b89d51bdd84f63b89d51bdd8cf6317 nodejs:10 warm  7ms        success guest/toonify:0.0.1
2023-07-10 09:50:18 93a9155161b74422a9155161b7a42272 blackbox  warm  4.202s     success guest/encode-function:0.0.2
2023-07-10 09:50:18 4383ed2cd2b2437383ed2cd2b2737356 nodejs:10 warm  6ms        success guest/toonify:0.0.1
2023-07-10 09:50:11 90684dfeea964797a84dfeea967797df blackbox  warm  6.486s     success guest/image-bilateral-filter:0.0.2
2023-07-10 09:50:11 8dd67827757d4ded967827757d2ded69 nodejs:10 warm  8ms        success guest/toonify:0.0.1
2023-07-10 09:50:06 2b2bcac2611f443dabcac2611f543d32 blackbox  warm  5.385s     success guest/decode-function:0.0.2
2023-07-10 09:50:06 54b8cd959fdd4954b8cd959fdd49541e nodejs:10 warm  14ms       success guest/toonify:0.0.1
2023-07-10 09:50:06 004001f12b7145678001f12b71856753 sequence  warm  16.337s    success guest/toonify:0.0.1

2023-07-10 09:53:35 024ae0477680490f8ae0477680f90f61 nodejs:10 warm  7ms        success guest/toonify:0.0.1
2023-07-10 09:53:31 9dae7e94d38e45bcae7e94d38e35bca7 blackbox  warm  4.082s     success guest/encode-function:0.0.2
2023-07-10 09:53:31 4559bfdcbfa24e0f99bfdcbfa27e0fff nodejs:10 warm  12ms       success guest/toonify:0.0.1
2023-07-10 09:53:25 d7f0e15380854f5fb0e1538085cf5f26 blackbox  warm  6.2s       success guest/image-bilateral-filter:0.0.2
2023-07-10 09:53:25 775e68084995442b9e68084995242b37 nodejs:10 warm  7ms        success guest/toonify:0.0.1
2023-07-10 09:53:19 419417f266b342ef9417f266b362ef69 blackbox  warm  5.488s     success guest/decode-function:0.0.2
2023-07-10 09:53:19 64aba8e496254baeaba8e49625dbaee9 nodejs:10 warm  16ms       success guest/toonify:0.0.1
2023-07-10 09:53:19 3bf5ae2ea0534e28b5ae2ea053ae2830 sequence  warm  15.993s    success guest/toonify:0.0.1

2023-07-10 09:55:37 3ae60bc95b694ba0a60bc95b69dba005 nodejs:10 warm  6ms        success guest/toonify:0.0.1
2023-07-10 09:55:33 ece254b11d024708a254b11d02d708c1 blackbox  warm  3.82s      success guest/encode-function:0.0.2
2023-07-10 09:55:33 2e300028268e4515b00028268e2515d4 nodejs:10 warm  8ms        success guest/toonify:0.0.1
2023-07-10 09:55:27 fc009fbbab9d4e5c809fbbab9d3e5c83 blackbox  warm  6.258s     success guest/image-bilateral-filter:0.0.2
2023-07-10 09:55:26 354356de0d494e028356de0d496e02b6 nodejs:10 warm  11ms       success guest/toonify:0.0.1
2023-07-10 09:55:21 bda155ced40f4be2a155ced40f3be2f9 blackbox  warm  5.391s     success guest/decode-function:0.0.2
2023-07-10 09:55:21 7dcec94b134d40138ec94b134d901384 nodejs:10 warm  15ms       success guest/toonify:0.0.1
2023-07-10 09:55:21 beedcbf69e984982adcbf69e989982c7 sequence  warm  16.02s     success guest/toonify:0.0.1

2023-07-10 10:02:13 a65b1ba54bb94da99b1ba54bb94da946 nodejs:10 warm  9ms        success guest/toonify:0.0.1
2023-07-10 10:02:08 cf7fd81cecf64da8bfd81cecf62da858 blackbox  warm  4.731s     success guest/encode-function:0.0.2
2023-07-10 10:02:08 9ca421bcb201403ba421bcb201703b42 nodejs:10 warm  14ms       success guest/toonify:0.0.1
2023-07-10 10:02:02 4d81fcec4ad0420e81fcec4ad0b20ec3 blackbox  warm  6.317s     success guest/image-bilateral-filter:0.0.2
2023-07-10 10:02:02 324b17979c0040eb8b17979c00e0ebf5 nodejs:10 warm  8ms        success guest/toonify:0.0.1
2023-07-10 10:01:56 368db3f5dabf4b7c8db3f5dabffb7cd8 blackbox  warm  5.452s     success guest/decode-function:0.0.2
2023-07-10 10:01:56 31b474d32d2440d5b474d32d24f0d596 nodejs:10 warm  17ms       success guest/toonify:0.0.1
2023-07-10 10:01:56 5c8da754786c48be8da754786cd8be93 sequence  warm  16.89s     success guest/toonify:0.0.1

2023-07-10 10:02:59 d0f4aab1b5f94595b4aab1b5f9c595d1 nodejs:10 warm  6ms        success guest/toonify:0.0.1
2023-07-10 10:02:55 e12a9877439842edaa9877439832edbb blackbox  warm  3.585s     success guest/encode-function:0.0.2
2023-07-10 10:02:55 190ad2eeef9f4a3d8ad2eeef9f1a3d74 nodejs:10 warm  7ms        success guest/toonify:0.0.1
2023-07-10 10:02:48 1574045c87b34661b4045c87b32661ee blackbox  warm  6.883s     success guest/image-bilateral-filter:0.0.2
2023-07-10 10:02:48 47531ec13ea042e6931ec13ea0d2e6f3 nodejs:10 warm  8ms        success guest/toonify:0.0.1
2023-07-10 10:02:43 439e8a21eefc42579e8a21eefcf25787 blackbox  warm  5.462s     success guest/decode-function:0.0.2
2023-07-10 10:02:43 74a3dd7076ab4208a3dd7076ab2208bb nodejs:10 warm  10ms       success guest/toonify:0.0.1
2023-07-10 10:02:43 8237dab7860745bfb7dab7860775bf4e sequence  warm  16.12s     success guest/toonify:0.0.1

2023-07-10 10:04:00 50b8caa207eb495ab8caa207eb395ac2 nodejs:10 warm  9ms        success guest/toonify:0.0.1
2023-07-10 10:03:56 3b467cbefa544175867cbefa54017547 blackbox  warm  4.257s     success guest/encode-function:0.0.2
2023-07-10 10:03:56 722d6186d3bd4468ad6186d3bdf4683f nodejs:10 warm  7ms        success guest/toonify:0.0.1
2023-07-10 10:03:48 6a37a4da5088466bb7a4da5088066b63 blackbox  warm  7.694s     success guest/image-bilateral-filter:0.0.2
2023-07-10 10:03:48 a155e1136ea94c6095e1136ea98c6082 nodejs:10 warm  12ms       success guest/toonify:0.0.1
2023-07-10 10:03:43 f28f7a16552a42aa8f7a16552a42aa76 blackbox  warm  5.09s      success guest/decode-function:0.0.2
2023-07-10 10:03:43 c9307967ff0642b7b07967ff0642b7cf nodejs:10 warm  9ms        success guest/toonify:0.0.1
2023-07-10 10:03:43 0586e20d6f0f43c586e20d6f0fa3c568 sequence  warm  17.356s    success guest/toonify:0.0.1
2023-07-10 10:02:59 d0f4aab1b5f94595b4aab1b5f9c595d1 nodejs:10 warm  6ms        success guest/toonify:0.0.1

2023-07-10 10:07:45 00ecfa9bf1a34354acfa9bf1a3a35440 nodejs:10 warm  8ms        success guest/toonify:0.0.1
2023-07-10 10:07:41 714e2565cb9745578e2565cb97855781 blackbox  warm  3.991s     success guest/encode-function:0.0.2
2023-07-10 10:07:41 231b7b1ecc274d5b9b7b1ecc27ed5bc2 nodejs:10 warm  8ms        success guest/toonify:0.0.1
2023-07-10 10:07:35 89f8be2d67864db3b8be2d67866db329 blackbox  warm  6.339s     success guest/image-bilateral-filter:0.0.2
2023-07-10 10:07:35 1edc7abee2bf4bc49c7abee2bfbbc4e5 nodejs:10 warm  10ms       success guest/toonify:0.0.1
2023-07-10 10:07:23 249a1dbf2b2d496c9a1dbf2b2d996ccb blackbox  warm  11.457s    success guest/decode-function:0.0.2
2023-07-10 10:07:23 28c31eab1e334f07831eab1e339f070d nodejs:10 warm  16ms       success guest/toonify:0.0.1
2023-07-10 10:07:23 168c91d46e8141c58c91d46e81d1c5f4 sequence  warm  22.026s    success guest/toonify:0.0.1

2023-07-10 10:08:55 43a10a9e49614e5ba10a9e49619e5bd6 nodejs:10 warm  7ms        success guest/toonify:0.0.1
2023-07-10 10:08:51 f26b26994a7f41d6ab26994a7fa1d6f9 blackbox  warm  4.413s     success guest/encode-function:0.0.2
2023-07-10 10:08:51 cdcbf28cdd024c7e8bf28cdd027c7e0c nodejs:10 warm  7ms        success guest/toonify:0.0.1
2023-07-10 10:08:43 3b82e0423831461c82e0423831361ca2 blackbox  warm  7.912s     success guest/image-bilateral-filter:0.0.2
2023-07-10 10:08:43 c258f285787e43d798f285787eb3d742 nodejs:10 warm  8ms        success guest/toonify:0.0.1
2023-07-10 10:08:38 107045e68897470fb045e68897870f25 blackbox  warm  4.779s     success guest/decode-function:0.0.2
2023-07-10 10:08:38 3d4c0cdc8d224c0e8c0cdc8d22cc0e38 nodejs:10 warm  12ms       success guest/toonify:0.0.1
2023-07-10 10:08:38 2ced1b4026094f99ad1b4026099f994a sequence  warm  17.309s    success guest/toonify:0.0.1

2023-07-10 10:09:51 baf62a27fd7e4a7ab62a27fd7e9a7a6a nodejs:10 warm  6ms        success guest/toonify:0.0.1
2023-07-10 10:09:46 adb42379ec604e00b42379ec602e00d4 blackbox  warm  4.218s     success guest/encode-function:0.0.2
2023-07-10 10:09:46 fdd87b30fad44fe3987b30fad4afe375 nodejs:10 warm  6ms        success guest/toonify:0.0.1
2023-07-10 10:09:40 0a3908237d2b498fb908237d2ba98f3e blackbox  warm  6.122s     success guest/image-bilateral-filter:0.0.2
2023-07-10 10:09:40 7eacf5f175324012acf5f17532e012b5 nodejs:10 warm  7ms        success guest/toonify:0.0.1
2023-07-10 10:09:35 99e8fa7cd3164fbfa8fa7cd316bfbfc7 blackbox  warm  5.1s       success guest/decode-function:0.0.2
2023-07-10 10:09:35 02cb2bd534824ff18b2bd53482cff1db nodejs:10 warm  8ms        success guest/toonify:0.0.1
2023-07-10 10:09:35 836780745a4b445fa780745a4b645f93 sequence  warm  15.79s     success guest/toonify:0.0.1