2023-07-09 15:51:06,729 - INFO - Function decode-function dequed from queue:
2023-07-09 15:51:06,729 - INFO - Function decode-function started execution
2023-07-09 15:51:23,927 - INFO - Function decode-function completed execution
2023-07-09 15:51:23,930 - INFO - Function image-bilateral-filter dequed from queue:
2023-07-09 15:51:23,930 - INFO - Function image-bilateral-filter started execution
2023-07-09 15:51:50,527 - INFO - Function image-bilateral-filter completed execution
2023-07-09 15:51:50,529 - INFO - Function encode-function dequed from queue:
2023-07-09 15:51:50,529 - INFO - Function encode-function started execution
2023-07-09 15:52:06,452 - INFO - Function encode-function completed execution

2023-07-10 09:14:32,019 - INFO - Function decode-function dequed from queue:
2023-07-10 09:14:32,019 - INFO - Function decode-function started execution
2023-07-10 09:14:37,826 - INFO - Function decode-function completed execution
2023-07-10 09:14:37,829 - INFO - Function image-bilateral-filter dequed from queue:
2023-07-10 09:14:37,830 - INFO - Function image-bilateral-filter started execution
2023-07-10 09:14:44,098 - INFO - Function image-bilateral-filter completed execution
2023-07-10 09:14:44,099 - INFO - Function encode-function dequed from queue:
2023-07-10 09:14:44,099 - INFO - Function encode-function started execution
2023-07-10 09:14:48,562 - INFO - Function encode-function completed execution

2023-07-10 09:17:42,030 - INFO - Function decode-function dequed from queue:
2023-07-10 09:17:42,031 - INFO - Function decode-function started execution
2023-07-10 09:17:47,152 - INFO - Function decode-function completed execution
2023-07-10 09:17:47,155 - INFO - Function image-bilateral-filter dequed from queue:
2023-07-10 09:17:47,156 - INFO - Function image-bilateral-filter started execution
2023-07-10 09:17:54,471 - INFO - Function image-bilateral-filter completed execution
2023-07-10 09:17:54,472 - INFO - Function encode-function dequed from queue:
2023-07-10 09:17:54,472 - INFO - Function encode-function started execution
2023-07-10 09:17:59,897 - INFO - Function encode-function completed execution

2023-07-10 09:27:10,941 - INFO - Function decode-function dequed from queue:
2023-07-10 09:27:10,952 - INFO - Function decode-function started execution
2023-07-10 09:27:15,823 - INFO - Function decode-function completed execution
2023-07-10 09:27:15,825 - INFO - Function image-bilateral-filter dequed from queue:
2023-07-10 09:27:15,825 - INFO - Function image-bilateral-filter started execution
2023-07-10 09:27:22,290 - INFO - Function image-bilateral-filter completed execution
2023-07-10 09:27:22,291 - INFO - Function encode-function dequed from queue:
2023-07-10 09:27:22,291 - INFO - Function encode-function started execution
2023-07-10 09:27:26,216 - INFO - Function encode-function completed execution

2023-07-10 09:28:31,280 - INFO - Function decode-function dequed from queue:
2023-07-10 09:28:31,280 - INFO - Function decode-function started execution
2023-07-10 09:28:36,019 - INFO - Function decode-function completed execution
2023-07-10 09:28:36,020 - INFO - Function image-bilateral-filter dequed from queue:
2023-07-10 09:28:36,021 - INFO - Function image-bilateral-filter started execution
2023-07-10 09:28:42,363 - INFO - Function image-bilateral-filter completed execution
2023-07-10 09:28:42,365 - INFO - Function encode-function dequed from queue:
2023-07-10 09:28:42,366 - INFO - Function encode-function started execution
2023-07-10 09:28:46,095 - INFO - Function encode-function completed execution

2023-07-10 09:31:47,633 - INFO - Function decode-function dequed from queue:
2023-07-10 09:31:47,633 - INFO - Function decode-function started execution
2023-07-10 09:31:53,248 - INFO - Function decode-function completed execution
2023-07-10 09:31:53,251 - INFO - Function image-bilateral-filter dequed from queue:
2023-07-10 09:31:53,251 - INFO - Function image-bilateral-filter started execution
2023-07-10 09:31:58,971 - INFO - Function image-bilateral-filter completed execution
2023-07-10 09:31:58,972 - INFO - Function encode-function dequed from queue:
2023-07-10 09:31:58,972 - INFO - Function encode-function started execution
2023-07-10 09:32:04,408 - INFO - Function encode-function completed execution

2023-07-10 09:33:45,850 - INFO - Function decode-function dequed from queue:
2023-07-10 09:33:45,850 - INFO - Function decode-function started execution
2023-07-10 09:33:51,190 - INFO - Function decode-function completed execution
2023-07-10 09:33:51,192 - INFO - Function image-bilateral-filter dequed from queue:
2023-07-10 09:33:51,192 - INFO - Function image-bilateral-filter started execution
2023-07-10 09:33:57,826 - INFO - Function image-bilateral-filter completed execution
2023-07-10 09:33:57,827 - INFO - Function encode-function dequed from queue:
2023-07-10 09:33:57,827 - INFO - Function encode-function started execution
2023-07-10 09:34:02,892 - INFO - Function encode-function completed execution

2023-07-10 09:34:43,087 - INFO - Function decode-function dequed from queue:
2023-07-10 09:34:43,087 - INFO - Function decode-function started execution
2023-07-10 09:34:48,983 - INFO - Function decode-function completed execution
2023-07-10 09:34:48,985 - INFO - Function image-bilateral-filter dequed from queue:
2023-07-10 09:34:48,985 - INFO - Function image-bilateral-filter started execution
2023-07-10 09:34:54,875 - INFO - Function image-bilateral-filter completed execution
2023-07-10 09:34:54,877 - INFO - Function encode-function dequed from queue:
2023-07-10 09:34:54,877 - INFO - Function encode-function started execution
2023-07-10 09:34:59,635 - INFO - Function encode-function completed execution

2023-07-10 09:35:21,503 - INFO - Function decode-function dequed from queue:
2023-07-10 09:35:21,503 - INFO - Function decode-function started execution
2023-07-10 09:35:27,702 - INFO - Function decode-function completed execution
2023-07-10 09:35:27,704 - INFO - Function image-bilateral-filter dequed from queue:
2023-07-10 09:35:27,704 - INFO - Function image-bilateral-filter started execution
2023-07-10 09:35:34,777 - INFO - Function image-bilateral-filter completed execution
2023-07-10 09:35:34,778 - INFO - Function encode-function dequed from queue:
2023-07-10 09:35:34,778 - INFO - Function encode-function started execution
2023-07-10 09:35:40,218 - INFO - Function encode-function completed execution

2023-07-10 09:36:28,894 - INFO - Function decode-function dequed from queue:
2023-07-10 09:36:28,894 - INFO - Function decode-function started execution
2023-07-10 09:36:34,917 - INFO - Function decode-function completed execution
2023-07-10 09:36:34,919 - INFO - Function image-bilateral-filter dequed from queue:
2023-07-10 09:36:34,919 - INFO - Function image-bilateral-filter started execution
2023-07-10 09:36:42,199 - INFO - Function image-bilateral-filter completed execution
2023-07-10 09:36:42,200 - INFO - Function encode-function dequed from queue:
2023-07-10 09:36:42,200 - INFO - Function encode-function started execution
2023-07-10 09:36:46,215 - INFO - Function encode-function completed execution

2023-07-10 09:39:43,216 - INFO - Function decode-function dequed from queue:
2023-07-10 09:39:43,216 - INFO - Function decode-function started execution
2023-07-10 09:39:47,239 - INFO - Function decode-function completed execution
2023-07-10 09:39:47,241 - INFO - Function image-bilateral-filter dequed from queue:
2023-07-10 09:39:47,241 - INFO - Function image-bilateral-filter started execution
2023-07-10 09:39:50,417 - INFO - Function image-bilateral-filter completed execution
2023-07-10 09:39:50,418 - INFO - Function encode-function dequed from queue:
2023-07-10 09:39:50,418 - INFO - Function encode-function started execution
2023-07-10 09:39:53,025 - INFO - Function encode-function completed execution

2023-07-10 09:39:53,343 - INFO - Function decode-function dequed from queue:
2023-07-10 09:39:53,344 - INFO - Function decode-function started execution
2023-07-10 09:39:57,592 - INFO - Function decode-function completed execution
2023-07-10 09:39:57,594 - INFO - Function image-bilateral-filter dequed from queue:
2023-07-10 09:39:57,594 - INFO - Function image-bilateral-filter started execution
2023-07-10 09:40:01,215 - INFO - Function image-bilateral-filter completed execution
2023-07-10 09:40:01,216 - INFO - Function encode-function dequed from queue:
2023-07-10 09:40:01,216 - INFO - Function encode-function started execution
2023-07-10 09:40:04,219 - INFO - Function encode-function completed execution

2023-07-10 09:40:04,442 - INFO - Function decode-function dequed from queue:
2023-07-10 09:40:04,442 - INFO - Function decode-function started execution
2023-07-10 09:40:08,676 - INFO - Function decode-function completed execution
2023-07-10 09:40:08,678 - INFO - Function image-bilateral-filter dequed from queue:
2023-07-10 09:40:08,678 - INFO - Function image-bilateral-filter started execution
2023-07-10 09:40:11,983 - INFO - Function image-bilateral-filter completed execution
2023-07-10 09:40:11,985 - INFO - Function encode-function dequed from queue:
2023-07-10 09:40:11,985 - INFO - Function encode-function started execution
2023-07-10 09:40:14,752 - INFO - Function encode-function completed execution

2023-07-10 09:40:14,965 - INFO - Function decode-function dequed from queue:
2023-07-10 09:40:14,965 - INFO - Function decode-function started execution
2023-07-10 09:40:19,271 - INFO - Function decode-function completed execution
2023-07-10 09:40:19,273 - INFO - Function image-bilateral-filter dequed from queue:
2023-07-10 09:40:19,274 - INFO - Function image-bilateral-filter started execution
2023-07-10 09:40:22,651 - INFO - Function image-bilateral-filter completed execution
2023-07-10 09:40:22,653 - INFO - Function encode-function dequed from queue:
2023-07-10 09:40:22,653 - INFO - Function encode-function started execution
2023-07-10 09:40:25,659 - INFO - Function encode-function completed execution

2023-07-10 09:40:25,865 - INFO - Function decode-function dequed from queue:
2023-07-10 09:40:25,866 - INFO - Function decode-function started execution
2023-07-10 09:40:29,403 - INFO - Function decode-function completed execution
2023-07-10 09:40:29,405 - INFO - Function image-bilateral-filter dequed from queue:
2023-07-10 09:40:29,405 - INFO - Function image-bilateral-filter started execution
2023-07-10 09:40:32,193 - INFO - Function image-bilateral-filter completed execution
2023-07-10 09:40:32,194 - INFO - Function encode-function dequed from queue:
2023-07-10 09:40:32,194 - INFO - Function encode-function started execution
2023-07-10 09:40:34,558 - INFO - Function encode-function completed execution


2023-07-11 01:20:19,599 - INFO - Function decode-function dequed from queue:
2023-07-11 01:20:19,599 - INFO - Json request for action decode-function is {'filename': 'http://commondatastorage.googleapis.com/gtv-videos-bucket/sample/ElephantsDream.mp4', 'parts': 10}
2023-07-11 01:20:19,599 - INFO - Function decode-function started execution
2023-07-11 01:20:31,596 - INFO - Function decode-function completed execution
2023-07-11 01:20:31,599 - INFO - Function image-bilateral-filter dequed from queue:
2023-07-11 01:20:31,599 - INFO - Json request for action image-bilateral-filter is {'activation_id': 'e7bacc36986d43adbacc36986d53adfb', 'file_link': 'http://commondatastorage.googleapis.com/gtv-videos-bucket/sample/ElephantsDream.mp4', 'image_url_links': ['Image0.jpg', 'Image1.jpg', 'Image2.jpg', 'Image3.jpg', 'Image4.jpg', 'Image5.jpg', 'Image6.jpg', 'Image7.jpg', 'Image8.jpg', 'Image9.jpg'], 'parts': 10}
2023-07-11 01:20:31,600 - INFO - Function image-bilateral-filter started execution
2023-07-11 01:20:45,694 - INFO - Function image-bilateral-filter completed execution
2023-07-11 01:20:45,697 - INFO - Function encode-function dequed from queue:
2023-07-11 01:20:45,697 - INFO - Json request for action encode-function is {'activation_id': '8ce2c21f194e427ca2c21f194e327cf2', 'bilateral_filtered_image_links': ['bilateral_filtered_image_0.jpg', 'bilateral_filtered_image_1.jpg', 'bilateral_filtered_image_2.jpg', 'bilateral_filtered_image_3.jpg', 'bilateral_filtered_image_4.jpg', 'bilateral_filtered_image_5.jpg', 'bilateral_filtered_image_6.jpg', 'bilateral_filtered_image_7.jpg', 'bilateral_filtered_image_8.jpg', 'bilateral_filtered_image_9.jpg'], 'parts': 10}
2023-07-11 01:20:45,697 - INFO - Function encode-function started execution
2023-07-11 01:20:57,901 - INFO - Function encode-function completed execution

2023-07-11 01:41:16,452 - INFO - Function decode-function dequed from queue:
2023-07-11 01:41:16,452 - INFO - Json request for action decode-function is {'filename': 'http://commondatastorage.googleapis.com/gtv-videos-bucket/sample/ElephantsDream.mp4', 'parts': 5}
2023-07-11 01:41:16,452 - INFO - Function decode-function started execution
2023-07-11 01:41:26,662 - INFO - Function decode-function completed execution
2023-07-11 01:41:26,664 - INFO - Function image-bilateral-filter dequed from queue:
2023-07-11 01:41:26,664 - INFO - Json request for action image-bilateral-filter is {'activation_id': '09c36ff88f854558836ff88f85055802', 'file_link': 'http://commondatastorage.googleapis.com/gtv-videos-bucket/sample/ElephantsDream.mp4', 'image_url_links': ['Image0.jpg', 'Image1.jpg', 'Image2.jpg', 'Image3.jpg', 'Image4.jpg'], 'parts': 5}
2023-07-11 01:41:26,664 - INFO - Function image-bilateral-filter started execution
2023-07-11 01:41:40,647 - INFO - Function image-bilateral-filter completed execution
2023-07-11 01:41:40,649 - INFO - Function encode-function dequed from queue:
2023-07-11 01:41:40,649 - INFO - Json request for action encode-function is {'activation_id': '9d54f8655e2f46b594f8655e2ff6b5db', 'bilateral_filtered_image_links': ['bilateral_filtered_image_0.jpg', 'bilateral_filtered_image_1.jpg', 'bilateral_filtered_image_2.jpg', 'bilateral_filtered_image_3.jpg', 'bilateral_filtered_image_4.jpg'], 'parts': 5}
2023-07-11 01:41:40,649 - INFO - Function encode-function started execution
2023-07-11 01:41:51,986 - INFO - Function encode-function completed execution

2023-07-11 02:21:51,515 - INFO - Function decode-function dequed from queue:
2023-07-11 02:21:51,516 - INFO - Function decode-function started execution
2023-07-11 02:22:04,238 - INFO - Function decode-function completed execution || Function ID : 53d371ed3f1f4edb9371ed3f1f9edbec
2023-07-11 02:22:04,241 - INFO - Function image-bilateral-filter dequed from queue:
2023-07-11 02:22:04,241 - INFO - Function image-bilateral-filter started execution
2023-07-11 02:22:16,203 - INFO - Function image-bilateral-filter completed execution || Function ID : 0b4b888983014d928b88898301cd92b9
2023-07-11 02:22:16,205 - INFO - Function encode-function dequed from queue:
2023-07-11 02:22:16,205 - INFO - Function encode-function started execution
2023-07-11 02:22:27,840 - INFO - Function encode-function completed execution || Function ID : 26f86408686448d2b864086864a8d271

2023-07-11 03:01:36,994 - INFO - Function decode-function dequed from queue:
2023-07-11 03:01:36,994 - INFO - Function decode-function started execution
2023-07-11 03:01:41,103 - INFO - Function decode-function completed execution || Function ID : c9b25f01ae1942e0b25f01ae1902e009
2023-07-11 03:01:41,106 - INFO - Function image-bilateral-filter dequed from queue:
2023-07-11 03:01:41,107 - INFO - Function image-bilateral-filter started execution
2023-07-11 03:01:53,549 - INFO - Function image-bilateral-filter completed execution || Function ID : fd2d60379edd40b1ad60379edd90b139
2023-07-11 03:01:53,551 - INFO - Function encode-function dequed from queue:
2023-07-11 03:01:53,552 - INFO - Function encode-function started execution
2023-07-11 03:02:04,103 - INFO - Function encode-function completed execution || Function ID : e3d63d9f4f9e4ae5963d9f4f9ebae524
2023-07-11 03:02:04,105 - INFO - DAG Unique ID ed67c565-1788-4238-af03-6c96281a53a8

2023-07-11 06:00:34,380 - INFO - Function fetch_sentences dequed from queue:
2023-07-11 06:00:34,381 - INFO - Function fetch_sentences started execution
2023-07-11 06:00:37,186 - INFO - Function fetch_sentences completed execution || Function ID : 8a922842f6fd4a00922842f6fd7a00db
2023-07-11 06:00:37,189 - INFO - Function calculate_sentiment dequed from queue:
2023-07-11 06:00:37,190 - INFO - Function calculate_sentiment started execution
2023-07-11 06:00:37,407 - INFO - Function calculate_sentiment completed execution || Function ID : 0e8a567f24924b788a567f2492fb78e5
2023-07-11 06:00:37,409 - INFO - Function create_sentiment_report dequed from queue:
2023-07-11 06:00:37,410 - INFO - Function create_sentiment_report started execution
2023-07-11 06:00:45,856 - INFO - Function create_sentiment_report completed execution || Function ID : 53fceeb33d994184bceeb33d99e18463
2023-07-11 06:00:45,858 - INFO - DAG Unique ID 349946d3-bb6e-4efc-b2e6-ad62cd14d123
2023-07-11 06:00:45,869 - INFO - 10.59.5.186 - - [11/Jul/2023 06:00:45] "POST /run/text_sentiment_analysis_trigger HTTP/1.1" 200 -
2023-11-03 11:22:15,892 - INFO - [31m[1mWARNING: This is a development server. Do not use it in a production deployment. Use a production WSGI server instead.[0m
 * Running on all addresses (0.0.0.0)
 * Running on http://127.0.0.1:5001
 * Running on http://10.129.28.219:5001
2023-11-03 11:22:15,892 - INFO - [33mPress CTRL+C to quit[0m
2023-11-03 11:22:19,585 - INFO - 10.11.199.2 - - [03/Nov/2023 11:22:19] "GET / HTTP/1.1" 200 -
2023-11-03 11:22:19,702 - INFO - 10.11.199.2 - - [03/Nov/2023 11:22:19] "[33mGET /favicon.ico HTTP/1.1[0m" 404 -
2023-11-03 11:22:22,386 - INFO - 10.11.199.2 - - [03/Nov/2023 11:22:22] "GET / HTTP/1.1" 200 -
